<?xml version="1.0" encoding="UTF-8"?>
<!-- Generated by org.testng.reporters.JUnitReportReporter -->
<testsuite skipped="0" hostname="CISM-I-191" name="FullProjectSetUp.JenkinGitPracties.SeleniumDemlo" tests="1" failures="0" timestamp="07 Mar 2020 10:31:03 GMT" time="15.513" errors="0">
  <testcase name="browserLaunching" time="15.513" classname="FullProjectSetUp.JenkinGitPracties.SeleniumDemlo"/>
</testsuite> <!-- FullProjectSetUp.JenkinGitPracties.SeleniumDemlo -->
